<?xml version="1.0" encoding="UTF-8"?>
<!-- Generated by org.testng.reporters.JUnitReportReporter -->
<testsuite hostname="IN-6C1D5S3" failures="0" tests="5" name="com.nagarro.testclasses.TestClass1" time="14.595" errors="0" timestamp="7 May 2024 17:28:21 GMT">
  <testcase classname="com.nagarro.testclasses.TestClass1" name="updateLocationPin" time="0.829"/>
  <testcase classname="com.nagarro.testclasses.TestClass1" name="addProductsToShoppingCart" time="4.541"/>
  <testcase classname="com.nagarro.testclasses.TestClass1" name="validateShoppingCartItems" time="4.669"/>
  <testcase classname="com.nagarro.testclasses.TestClass1" name="usersSignin" time="2.799"/>
  <testcase classname="com.nagarro.testclasses.TestClass1" name="validatesUpdatedLocation" time="1.757"/>
</testsuite> <!-- com.nagarro.testclasses.TestClass1 -->
