<?xml version="1.0" encoding="UTF-8"?>
<!-- Generated by org.testng.reporters.JUnitReportReporter -->
<testsuite hostname="IN-6C1D5S3" failures="0" tests="5" name="com.nagarro.testclasses.TestClass1" time="17.056" errors="0" timestamp="7 May 2024 17:13:52 GMT">
  <testcase classname="com.nagarro.testclasses.TestClass1" name="updateLocationPin" time="0.933"/>
  <testcase classname="com.nagarro.testclasses.TestClass1" name="addProductsToShoppingCart" time="5.714"/>
  <testcase classname="com.nagarro.testclasses.TestClass1" name="validateShoppingCartItems" time="4.314"/>
  <testcase classname="com.nagarro.testclasses.TestClass1" name="usersSignin" time="5.995"/>
  <testcase classname="com.nagarro.testclasses.TestClass1" name="validatesUpdatedLocation" time="0.100"/>
</testsuite> <!-- com.nagarro.testclasses.TestClass1 -->
