<?xml version="1.0" encoding="UTF-8"?>
<!-- Generated by org.testng.reporters.JUnitReportReporter -->
<testsuite hostname="IN-6C1D5S3" failures="0" tests="3" name="com.nagarro.testclasses.TestClass2" time="33.000" errors="0" timestamp="7 May 2024 16:53:31 GMT">
  <testcase classname="com.nagarro.testclasses.TestClass2" name="addBestSellerItemsToShoppingCart" time="23.205"/>
  <testcase classname="com.nagarro.testclasses.TestClass2" name="validateShoppingCartItems" time="1.842"/>
  <testcase classname="com.nagarro.testclasses.TestClass2" name="deleteItemsFromCart" time="7.953"/>
</testsuite> <!-- com.nagarro.testclasses.TestClass2 -->
