<?xml version="1.0" encoding="UTF-8"?>
<!-- Generated by org.testng.reporters.JUnitReportReporter -->
<testsuite hostname="IN-6C1D5S3" failures="0" tests="5" name="com.nagarro.testclasses.TestClass" time="15.753" errors="0" timestamp="25 Apr 2024 10:41:16 GMT">
  <testcase classname="com.nagarro.testclasses.TestClass" name="validatesUpdatedLocation" time="0.092"/>
  <testcase classname="com.nagarro.testclasses.TestClass" name="addProductsToShoppingCart" time="5.514"/>
  <testcase classname="com.nagarro.testclasses.TestClass" name="usersSignin" time="4.799"/>
  <testcase classname="com.nagarro.testclasses.TestClass" name="validateShoppingCartItems" time="4.468"/>
  <testcase classname="com.nagarro.testclasses.TestClass" name="updateLocationPin" time="0.880"/>
</testsuite> <!-- com.nagarro.testclasses.TestClass -->
